2025-06-06 20:14:04 - Starting: MLP_1024_4bit_ReLU_regular.ipynb
[NbConvertApp] Converting notebook .//MLP_1024_4bit_ReLU_regular.ipynb to notebook
[NbConvertApp] Writing 6457990 bytes to MLP_1024_4bit_ReLU_regular.ipynb
2025-06-07 13:50:15 - Finished: MLP_1024_4bit_ReLU_regular.ipynb ✅
2025-06-07 13:50:15 - Starting: MLP_1024_4bit_SiLU_regular.ipynb
[NbConvertApp] Converting notebook .//MLP_1024_4bit_SiLU_regular.ipynb to notebook
[NbConvertApp] Writing 6641614 bytes to MLP_1024_4bit_SiLU_regular.ipynb
2025-06-08 06:31:06 - Finished: MLP_1024_4bit_SiLU_regular.ipynb ✅
2025-06-08 06:31:06 - Starting: MLP_1024_4bit_Sigmoid_regular.ipynb
[NbConvertApp] Converting notebook .//MLP_1024_4bit_Sigmoid_regular.ipynb to notebook
[NbConvertApp] Writing 6304053 bytes to MLP_1024_4bit_Sigmoid_regular.ipynb
2025-06-09 00:23:11 - Finished: MLP_1024_4bit_Sigmoid_regular.ipynb ✅
2025-06-09 00:23:11 - Starting: MLP_1024_8bit_ReLU_regular.ipynb
[NbConvertApp] Converting notebook .//MLP_1024_8bit_ReLU_regular.ipynb to notebook
[NbConvertApp] Writing 6436846 bytes to MLP_1024_8bit_ReLU_regular.ipynb
2025-06-09 18:10:02 - Finished: MLP_1024_8bit_ReLU_regular.ipynb ✅
2025-06-09 18:10:02 - Starting: MLP_1024_8bit_SiLU_regular.ipynb
[NbConvertApp] Converting notebook .//MLP_1024_8bit_SiLU_regular.ipynb to notebook
[NbConvertApp] Writing 6640530 bytes to MLP_1024_8bit_SiLU_regular.ipynb
2025-06-10 10:50:29 - Finished: MLP_1024_8bit_SiLU_regular.ipynb ✅
2025-06-10 10:50:29 - Starting: MLP_1024_8bit_Sigmoid_regular.ipynb
[NbConvertApp] Converting notebook .//MLP_1024_8bit_Sigmoid_regular.ipynb to notebook
[NbConvertApp] Writing 6176279 bytes to MLP_1024_8bit_Sigmoid_regular.ipynb
2025-06-11 04:37:30 - Finished: MLP_1024_8bit_Sigmoid_regular.ipynb ✅
2025-06-11 04:37:30 - Starting: MLP_1024_float_ReLU_regular.ipynb
[NbConvertApp] Converting notebook .//MLP_1024_float_ReLU_regular.ipynb to notebook
[NbConvertApp] Writing 6405203 bytes to MLP_1024_float_ReLU_regular.ipynb
2025-06-11 14:41:06 - Finished: MLP_1024_float_ReLU_regular.ipynb ✅
2025-06-11 14:41:06 - Starting: MLP_1024_float_SiLU_regular.ipynb
[NbConvertApp] Converting notebook .//MLP_1024_float_SiLU_regular.ipynb to notebook
[NbConvertApp] Writing 6453097 bytes to MLP_1024_float_SiLU_regular.ipynb
2025-06-12 00:53:56 - Finished: MLP_1024_float_SiLU_regular.ipynb ✅
2025-06-12 00:53:56 - Starting: MLP_1024_float_Sigmoid_regular.ipynb
[NbConvertApp] Converting notebook .//MLP_1024_float_Sigmoid_regular.ipynb to notebook
[NbConvertApp] Writing 6047335 bytes to MLP_1024_float_Sigmoid_regular.ipynb
2025-06-12 10:57:20 - Finished: MLP_1024_float_Sigmoid_regular.ipynb ✅
2025-06-12 10:57:20 - Starting: MLP_256_4bit_ReLU_regular.ipynb
[NbConvertApp] Converting notebook .//MLP_256_4bit_ReLU_regular.ipynb to notebook
[NbConvertApp] Writing 6268237 bytes to MLP_256_4bit_ReLU_regular.ipynb
2025-06-13 04:08:53 - Finished: MLP_256_4bit_ReLU_regular.ipynb ✅
2025-06-13 04:08:53 - Starting: MLP_256_4bit_SiLU_regular.ipynb
[NbConvertApp] Converting notebook .//MLP_256_4bit_SiLU_regular.ipynb to notebook
[NbConvertApp] Writing 6320249 bytes to MLP_256_4bit_SiLU_regular.ipynb
2025-06-13 20:56:15 - Finished: MLP_256_4bit_SiLU_regular.ipynb ✅
2025-06-13 20:56:15 - Starting: MLP_256_4bit_Sigmoid_regular.ipynb
[NbConvertApp] Converting notebook .//MLP_256_4bit_Sigmoid_regular.ipynb to notebook
[NbConvertApp] Writing 5960157 bytes to MLP_256_4bit_Sigmoid_regular.ipynb
2025-06-14 14:45:55 - Finished: MLP_256_4bit_Sigmoid_regular.ipynb ✅
2025-06-14 14:45:55 - Starting: MLP_256_8bit_ReLU_regular.ipynb
[NbConvertApp] Converting notebook .//MLP_256_8bit_ReLU_regular.ipynb to notebook
[NbConvertApp] Writing 6285270 bytes to MLP_256_8bit_ReLU_regular.ipynb
2025-06-15 08:43:32 - Finished: MLP_256_8bit_ReLU_regular.ipynb ✅
2025-06-15 08:43:32 - Starting: MLP_256_8bit_SiLU_regular.ipynb
[NbConvertApp] Converting notebook .//MLP_256_8bit_SiLU_regular.ipynb to notebook
[NbConvertApp] Writing 6299906 bytes to MLP_256_8bit_SiLU_regular.ipynb
2025-06-16 01:18:13 - Finished: MLP_256_8bit_SiLU_regular.ipynb ✅
2025-06-16 01:18:13 - Starting: MLP_256_8bit_Sigmoid_regular.ipynb
[NbConvertApp] Converting notebook .//MLP_256_8bit_Sigmoid_regular.ipynb to notebook
[NbConvertApp] Writing 5956853 bytes to MLP_256_8bit_Sigmoid_regular.ipynb
2025-06-16 19:16:47 - Finished: MLP_256_8bit_Sigmoid_regular.ipynb ✅
2025-06-16 19:16:47 - Starting: MLP_256_float_ReLU_regular.ipynb
[NbConvertApp] Converting notebook .//MLP_256_float_ReLU_regular.ipynb to notebook
[NbConvertApp] Writing 6254463 bytes to MLP_256_float_ReLU_regular.ipynb
2025-06-17 05:14:37 - Finished: MLP_256_float_ReLU_regular.ipynb ✅
2025-06-17 05:14:37 - Starting: MLP_256_float_SiLU_regular.ipynb
[NbConvertApp] Converting notebook .//MLP_256_float_SiLU_regular.ipynb to notebook
[NbConvertApp] Writing 6256461 bytes to MLP_256_float_SiLU_regular.ipynb
2025-06-17 14:58:56 - Finished: MLP_256_float_SiLU_regular.ipynb ✅
2025-06-17 14:58:56 - Starting: MLP_256_float_Sigmoid_regular.ipynb
[NbConvertApp] Converting notebook .//MLP_256_float_Sigmoid_regular.ipynb to notebook
[NbConvertApp] Writing 5859102 bytes to MLP_256_float_Sigmoid_regular.ipynb
2025-06-18 01:01:14 - Finished: MLP_256_float_Sigmoid_regular.ipynb ✅
2025-06-18 01:01:14 - All notebooks executed successfully.
2025-06-18 01:01:14 - Script interrupted or crashed.
