2025-06-06 20:14:19 - Starting: TCV_4bit_ReLU_regular.ipynb
[NbConvertApp] Converting notebook .//TCV_4bit_ReLU_regular.ipynb to notebook
[NbConvertApp] Writing 6534649 bytes to TCV_4bit_ReLU_regular.ipynb
2025-06-08 02:59:45 - Finished: TCV_4bit_ReLU_regular.ipynb ✅
2025-06-08 02:59:45 - Starting: TCV_4bit_SiLU_regular.ipynb
[NbConvertApp] Converting notebook .//TCV_4bit_SiLU_regular.ipynb to notebook
[NbConvertApp] Writing 6709451 bytes to TCV_4bit_SiLU_regular.ipynb
2025-06-09 02:53:55 - Finished: TCV_4bit_SiLU_regular.ipynb ✅
2025-06-09 02:53:55 - Starting: TCV_4bit_Sigmoid_regular.ipynb
[NbConvertApp] Converting notebook .//TCV_4bit_Sigmoid_regular.ipynb to notebook
[NbConvertApp] Writing 6282152 bytes to TCV_4bit_Sigmoid_regular.ipynb
2025-06-10 01:54:12 - Finished: TCV_4bit_Sigmoid_regular.ipynb ✅
2025-06-10 01:54:12 - Starting: TCV_8bit_ReLU_regular.ipynb
[NbConvertApp] Converting notebook .//TCV_8bit_ReLU_regular.ipynb to notebook
[NbConvertApp] Writing 6504928 bytes to TCV_8bit_ReLU_regular.ipynb
2025-06-10 22:12:44 - Finished: TCV_8bit_ReLU_regular.ipynb ✅
2025-06-10 22:12:44 - Starting: TCV_8bit_SiLU_regular.ipynb
[NbConvertApp] Converting notebook .//TCV_8bit_SiLU_regular.ipynb to notebook
[NbConvertApp] Writing 6699362 bytes to TCV_8bit_SiLU_regular.ipynb
2025-06-11 16:24:21 - Finished: TCV_8bit_SiLU_regular.ipynb ✅
2025-06-11 16:24:21 - Starting: TCV_8bit_Sigmoid_regular.ipynb
[NbConvertApp] Converting notebook .//TCV_8bit_Sigmoid_regular.ipynb to notebook
[NbConvertApp] Writing 6169597 bytes to TCV_8bit_Sigmoid_regular.ipynb
2025-06-12 18:02:33 - Finished: TCV_8bit_Sigmoid_regular.ipynb ✅
2025-06-12 18:02:33 - Starting: TCV_float_ReLU_regular.ipynb
[NbConvertApp] Converting notebook .//TCV_float_ReLU_regular.ipynb to notebook
[NbConvertApp] Writing 6683877 bytes to TCV_float_ReLU_regular.ipynb
2025-06-13 06:07:09 - Finished: TCV_float_ReLU_regular.ipynb ✅
2025-06-13 06:07:09 - Starting: TCV_float_SiLU_regular.ipynb
[NbConvertApp] Converting notebook .//TCV_float_SiLU_regular.ipynb to notebook
[NbConvertApp] Writing 6631960 bytes to TCV_float_SiLU_regular.ipynb
2025-06-13 17:03:30 - Finished: TCV_float_SiLU_regular.ipynb ✅
2025-06-13 17:03:30 - Starting: TCV_float_Sigmoid_regular.ipynb
[NbConvertApp] Converting notebook .//TCV_float_Sigmoid_regular.ipynb to notebook
[NbConvertApp] Writing 6244967 bytes to TCV_float_Sigmoid_regular.ipynb
2025-06-14 04:47:14 - Finished: TCV_float_Sigmoid_regular.ipynb ✅
2025-06-14 04:47:14 - All notebooks executed successfully.
2025-06-14 04:47:14 - Script interrupted or crashed.
